
================================================================================

Running experiment: config_1d
================================================================================
  → Learner: x_rf
--------------------------------------------------------------------------------
Monte Carlo simulation starting...
  → Repetition 1/30
----Grid search starting...
--------> Grid search complete.
----Random search starting...
--------> Random search complete.
---- Bayesian search starting...
--------> Bayesian search complete.
********************Tuning complete.********************
  → Repetition 2/30
----Grid search starting...
--------> Grid search complete.
----Random search starting...
--------> Random search complete.
---- Bayesian search starting...
--------> Bayesian search complete.
********************Tuning complete.********************
  → Repetition 3/30
----Grid search starting...
--------> Grid search complete.
----Random search starting...
--------> Random search complete.
---- Bayesian search starting...
--------> Bayesian search complete.
********************Tuning complete.********************
  → Repetition 4/30
----Grid search starting...
--------> Grid search complete.
----Random search starting...
--------> Random search complete.
---- Bayesian search starting...
--------> Bayesian search complete.
********************Tuning complete.********************
  → Repetition 5/30
----Grid search starting...
--------> Grid search complete.
----Random search starting...
--------> Random search complete.
---- Bayesian search starting...
--------> Bayesian search complete.
********************Tuning complete.********************
  → Repetition 6/30
----Grid search starting...
--------> Grid search complete.
----Random search starting...
--------> Random search complete.
---- Bayesian search starting...
--------> Bayesian search complete.
********************Tuning complete.********************
  → Repetition 7/30
----Grid search starting...
--------> Grid search complete.
----Random search starting...
--------> Random search complete.
---- Bayesian search starting...
--------> Bayesian search complete.
********************Tuning complete.********************
  → Repetition 8/30
----Grid search starting...
--------> Grid search complete.
----Random search starting...
--------> Random search complete.
---- Bayesian search starting...
--------> Bayesian search complete.
********************Tuning complete.********************
  → Repetition 9/30
----Grid search starting...
--------> Grid search complete.
----Random search starting...
--------> Random search complete.
---- Bayesian search starting...
--------> Bayesian search complete.
********************Tuning complete.********************
  → Repetition 10/30
----Grid search starting...
--------> Grid search complete.
----Random search starting...
--------> Random search complete.
---- Bayesian search starting...
--------> Bayesian search complete.
********************Tuning complete.********************
  → Repetition 11/30
----Grid search starting...
--------> Grid search complete.
----Random search starting...
--------> Random search complete.
---- Bayesian search starting...
--------> Bayesian search complete.
********************Tuning complete.********************
  → Repetition 12/30
----Grid search starting...
--------> Grid search complete.
----Random search starting...
--------> Random search complete.
---- Bayesian search starting...
--------> Bayesian search complete.
********************Tuning complete.********************
  → Repetition 13/30
----Grid search starting...
--------> Grid search complete.
----Random search starting...
--------> Random search complete.
---- Bayesian search starting...
--------> Bayesian search complete.
********************Tuning complete.********************
  → Repetition 14/30
----Grid search starting...
--------> Grid search complete.
----Random search starting...
--------> Random search complete.
---- Bayesian search starting...
--------> Bayesian search complete.
********************Tuning complete.********************
  → Repetition 15/30
----Grid search starting...
--------> Grid search complete.
----Random search starting...
--------> Random search complete.
---- Bayesian search starting...
--------> Bayesian search complete.
********************Tuning complete.********************
  → Repetition 16/30
----Grid search starting...
--------> Grid search complete.
----Random search starting...
--------> Random search complete.
---- Bayesian search starting...
--------> Bayesian search complete.
********************Tuning complete.********************
  → Repetition 17/30
----Grid search starting...
--------> Grid search complete.
----Random search starting...
--------> Random search complete.
---- Bayesian search starting...
--------> Bayesian search complete.
********************Tuning complete.********************
  → Repetition 18/30
----Grid search starting...
--------> Grid search complete.
----Random search starting...
--------> Random search complete.
---- Bayesian search starting...
--------> Bayesian search complete.
********************Tuning complete.********************
  → Repetition 19/30
----Grid search starting...
--------> Grid search complete.
----Random search starting...
--------> Random search complete.
---- Bayesian search starting...
--------> Bayesian search complete.
********************Tuning complete.********************
  → Repetition 20/30
----Grid search starting...
--------> Grid search complete.
----Random search starting...
--------> Random search complete.
---- Bayesian search starting...
--------> Bayesian search complete.
********************Tuning complete.********************
  → Repetition 21/30
----Grid search starting...
--------> Grid search complete.
----Random search starting...
--------> Random search complete.
---- Bayesian search starting...
--------> Bayesian search complete.
********************Tuning complete.********************
  → Repetition 22/30
----Grid search starting...
--------> Grid search complete.
----Random search starting...
--------> Random search complete.
---- Bayesian search starting...
--------> Bayesian search complete.
********************Tuning complete.********************
  → Repetition 23/30
----Grid search starting...
--------> Grid search complete.
----Random search starting...
--------> Random search complete.
---- Bayesian search starting...
--------> Bayesian search complete.
********************Tuning complete.********************
  → Repetition 24/30
----Grid search starting...
--------> Grid search complete.
----Random search starting...
--------> Random search complete.
---- Bayesian search starting...
--------> Bayesian search complete.
********************Tuning complete.********************
  → Repetition 25/30
----Grid search starting...
--------> Grid search complete.
----Random search starting...
--------> Random search complete.
---- Bayesian search starting...
--------> Bayesian search complete.
********************Tuning complete.********************
  → Repetition 26/30
----Grid search starting...
--------> Grid search complete.
----Random search starting...
--------> Random search complete.
---- Bayesian search starting...
--------> Bayesian search complete.
********************Tuning complete.********************
  → Repetition 27/30
----Grid search starting...
--------> Grid search complete.
----Random search starting...
--------> Random search complete.
---- Bayesian search starting...
--------> Bayesian search complete.
********************Tuning complete.********************
  → Repetition 28/30
----Grid search starting...
--------> Grid search complete.
----Random search starting...
--------> Random search complete.
---- Bayesian search starting...
--------> Bayesian search complete.
********************Tuning complete.********************
  → Repetition 29/30
----Grid search starting...
--------> Grid search complete.
----Random search starting...
--------> Random search complete.
---- Bayesian search starting...
--------> Bayesian search complete.
********************Tuning complete.********************
  → Repetition 30/30
----Grid search starting...
--------> Grid search complete.
----Random search starting...
--------> Random search complete.
---- Bayesian search starting...
--------> Bayesian search complete.
********************Tuning complete.********************
Monte Carlo simulation complete.
    Saved raw results (30 rows)
  Saved results of x_rf to 3-18results_R_30/x_rf/1d
    Saved raw results (60 rows)
  Saved results of x_rf to 3-18results_R_30/x_rf/1d
    Saved raw results (90 rows)
  Saved results of x_rf to 3-18results_R_30/x_rf/1d
Experiment config_1d completed.

================================================================================

Running experiment: config_2d
================================================================================
  → Learner: x_rf
--------------------------------------------------------------------------------
Monte Carlo simulation starting...
  → Repetition 1/30
----Grid search starting...
--------> Grid search complete.
----Random search starting...
--------> Random search complete.
---- Bayesian search starting...
--------> Bayesian search complete.
********************Tuning complete.********************
  → Repetition 2/30
----Grid search starting...
--------> Grid search complete.
----Random search starting...
--------> Random search complete.
---- Bayesian search starting...
--------> Bayesian search complete.
********************Tuning complete.********************
  → Repetition 3/30
----Grid search starting...
--------> Grid search complete.
----Random search starting...
--------> Random search complete.
---- Bayesian search starting...
--------> Bayesian search complete.
********************Tuning complete.********************
  → Repetition 4/30
----Grid search starting...
--------> Grid search complete.
----Random search starting...
--------> Random search complete.
---- Bayesian search starting...
--------> Bayesian search complete.
********************Tuning complete.********************
  → Repetition 5/30
----Grid search starting...
--------> Grid search complete.
----Random search starting...
--------> Random search complete.
---- Bayesian search starting...
--------> Bayesian search complete.
********************Tuning complete.********************
  → Repetition 6/30
----Grid search starting...
--------> Grid search complete.
----Random search starting...
--------> Random search complete.
---- Bayesian search starting...
--------> Bayesian search complete.
********************Tuning complete.********************
  → Repetition 7/30
----Grid search starting...
--------> Grid search complete.
----Random search starting...
--------> Random search complete.
---- Bayesian search starting...
--------> Bayesian search complete.
********************Tuning complete.********************
  → Repetition 8/30
----Grid search starting...
--------> Grid search complete.
----Random search starting...
--------> Random search complete.
---- Bayesian search starting...
--------> Bayesian search complete.
********************Tuning complete.********************
  → Repetition 9/30
----Grid search starting...
--------> Grid search complete.
----Random search starting...
--------> Random search complete.
---- Bayesian search starting...
--------> Bayesian search complete.
********************Tuning complete.********************
  → Repetition 10/30
----Grid search starting...
--------> Grid search complete.
----Random search starting...
--------> Random search complete.
---- Bayesian search starting...
--------> Bayesian search complete.
********************Tuning complete.********************
  → Repetition 11/30
----Grid search starting...
--------> Grid search complete.
----Random search starting...
--------> Random search complete.
---- Bayesian search starting...
--------> Bayesian search complete.
********************Tuning complete.********************
  → Repetition 12/30
----Grid search starting...
--------> Grid search complete.
----Random search starting...
--------> Random search complete.
---- Bayesian search starting...
--------> Bayesian search complete.
********************Tuning complete.********************
  → Repetition 13/30
----Grid search starting...
--------> Grid search complete.
----Random search starting...
--------> Random search complete.
---- Bayesian search starting...
--------> Bayesian search complete.
********************Tuning complete.********************
  → Repetition 14/30
----Grid search starting...
--------> Grid search complete.
----Random search starting...
--------> Random search complete.
---- Bayesian search starting...
--------> Bayesian search complete.
********************Tuning complete.********************
  → Repetition 15/30
----Grid search starting...
--------> Grid search complete.
----Random search starting...
--------> Random search complete.
---- Bayesian search starting...
--------> Bayesian search complete.
********************Tuning complete.********************
  → Repetition 16/30
----Grid search starting...
--------> Grid search complete.
----Random search starting...
--------> Random search complete.
---- Bayesian search starting...
--------> Bayesian search complete.
********************Tuning complete.********************
  → Repetition 17/30
----Grid search starting...
--------> Grid search complete.
----Random search starting...
--------> Random search complete.
---- Bayesian search starting...
--------> Bayesian search complete.
********************Tuning complete.********************
  → Repetition 18/30
----Grid search starting...
--------> Grid search complete.
----Random search starting...
--------> Random search complete.
---- Bayesian search starting...
--------> Bayesian search complete.
********************Tuning complete.********************
  → Repetition 19/30
----Grid search starting...
--------> Grid search complete.
----Random search starting...
--------> Random search complete.
---- Bayesian search starting...
--------> Bayesian search complete.
********************Tuning complete.********************
  → Repetition 20/30
----Grid search starting...
--------> Grid search complete.
----Random search starting...
--------> Random search complete.
---- Bayesian search starting...
--------> Bayesian search complete.
********************Tuning complete.********************
  → Repetition 21/30
----Grid search starting...
--------> Grid search complete.
----Random search starting...
--------> Random search complete.
---- Bayesian search starting...
--------> Bayesian search complete.
********************Tuning complete.********************
  → Repetition 22/30
----Grid search starting...
--------> Grid search complete.
----Random search starting...
--------> Random search complete.
---- Bayesian search starting...
--------> Bayesian search complete.
********************Tuning complete.********************
  → Repetition 23/30
----Grid search starting...
--------> Grid search complete.
----Random search starting...
--------> Random search complete.
---- Bayesian search starting...
--------> Bayesian search complete.
********************Tuning complete.********************
  → Repetition 24/30
----Grid search starting...
--------> Grid search complete.
----Random search starting...
--------> Random search complete.
---- Bayesian search starting...
--------> Bayesian search complete.
********************Tuning complete.********************
  → Repetition 25/30
----Grid search starting...
--------> Grid search complete.
----Random search starting...
--------> Random search complete.
---- Bayesian search starting...
--------> Bayesian search complete.
********************Tuning complete.********************
  → Repetition 26/30
----Grid search starting...
--------> Grid search complete.
----Random search starting...
--------> Random search complete.
---- Bayesian search starting...
--------> Bayesian search complete.
********************Tuning complete.********************
  → Repetition 27/30
----Grid search starting...
--------> Grid search complete.
----Random search starting...
--------> Random search complete.
---- Bayesian search starting...
--------> Bayesian search complete.
********************Tuning complete.********************
  → Repetition 28/30
----Grid search starting...
--------> Grid search complete.
----Random search starting...
--------> Random search complete.
---- Bayesian search starting...
--------> Bayesian search complete.
********************Tuning complete.********************
  → Repetition 29/30
----Grid search starting...
--------> Grid search complete.
----Random search starting...
--------> Random search complete.
---- Bayesian search starting...
--------> Bayesian search complete.
********************Tuning complete.********************
  → Repetition 30/30
----Grid search starting...
--------> Grid search complete.
----Random search starting...
--------> Random search complete.
---- Bayesian search starting...
--------> Bayesian search complete.
********************Tuning complete.********************
Monte Carlo simulation complete.
    Saved raw results (30 rows)
  Saved results of x_rf to 3-18results_R_30/x_rf/2d
    Saved raw results (60 rows)
  Saved results of x_rf to 3-18results_R_30/x_rf/2d
    Saved raw results (90 rows)
  Saved results of x_rf to 3-18results_R_30/x_rf/2d
Experiment config_2d completed.
